[INFO ] 2017-03-15T04:20:49,483 [main] ConfigHelper - Config:
 {
    # node.conf: 1
    "artemisAddress" : "localhost:10006",
    # hardcoded value
    "basedir" : "C:\\Users\\rr13\\workspace\\corda-kyc-app\\build\\nodes\\HDFC",
    # reference.conf @ jar:file:/C:/Users/rr13/AppData/Local/capsule/apps/net.corda.node.MainKt/node-0.7.jar!/reference.conf: 14
    "certificateSigningService" : "https://cordaci-netperm.corda.r3cev.com",
    # reference.conf @ jar:file:/C:/Users/rr13/AppData/Local/capsule/apps/net.corda.node.MainKt/node-0.7.jar!/reference.conf: 7
    "dataSourceProperties" : {
        # reference.conf @ jar:file:/C:/Users/rr13/AppData/Local/capsule/apps/net.corda.node.MainKt/node-0.7.jar!/reference.conf: 11
        "dataSource.password" : "",
        # merge of reference.conf @ jar:file:/C:/Users/rr13/AppData/Local/capsule/apps/net.corda.node.MainKt/node-0.7.jar!/reference.conf: 9,hardcoded value,reference.conf @ jar:file:/C:/Users/rr13/AppData/Local/capsule/apps/net.corda.node.MainKt/node-0.7.jar!/reference.conf: 9,reference.conf @ jar:file:/C:/Users/rr13/AppData/Local/capsule/apps/net.corda.node.MainKt/node-0.7.jar!/reference.conf: 16
        "dataSource.url" : "jdbc:h2:file:C:\\Users\\rr13\\workspace\\corda-kyc-app\\build\\nodes\\HDFC/persistence;DB_CLOSE_ON_EXIT=FALSE;LOCK_TIMEOUT=10000;WRITE_DELAY=0;AUTO_SERVER_PORT=0",
        # reference.conf @ jar:file:/C:/Users/rr13/AppData/Local/capsule/apps/net.corda.node.MainKt/node-0.7.jar!/reference.conf: 10
        "dataSource.user" : "sa",
        # reference.conf @ jar:file:/C:/Users/rr13/AppData/Local/capsule/apps/net.corda.node.MainKt/node-0.7.jar!/reference.conf: 8
        "dataSourceClassName" : "org.h2.jdbcx.JdbcDataSource"
    },
    # reference.conf @ jar:file:/C:/Users/rr13/AppData/Local/capsule/apps/net.corda.node.MainKt/node-0.7.jar!/reference.conf: 13
    "devMode" : true,
    # reference.conf @ jar:file:/C:/Users/rr13/AppData/Local/capsule/apps/net.corda.node.MainKt/node-0.7.jar!/reference.conf: 3
    "emailAddress" : "admin@company.com",
    # reference.conf @ jar:file:/C:/Users/rr13/AppData/Local/capsule/apps/net.corda.node.MainKt/node-0.7.jar!/reference.conf: 4
    "exportJMXto" : "http",
    # node.conf: 2
    "extraAdvertisedServiceIds" : "",
    # reference.conf @ jar:file:/C:/Users/rr13/AppData/Local/capsule/apps/net.corda.node.MainKt/node-0.7.jar!/reference.conf: 16
    "h2port" : 0,
    # reference.conf @ jar:file:/C:/Users/rr13/AppData/Local/capsule/apps/net.corda.node.MainKt/node-0.7.jar!/reference.conf: 5
    "keyStorePassword" : "cordacadevpass",
    # node.conf: 3
    "myLegalName" : "HDFC",
    # node.conf: 4
    "nearestCity" : "New York",
    # node.conf: 5
    "networkMapService" : {
        # node.conf: 6
        "address" : "localhost:10002",
        # node.conf: 7
        "legalName" : "Controller"
    },
    # node.conf: 9
    "rpcUsers" : [
        # node.conf: 10
        {
            # node.conf: 11
            "password" : "test",
            # node.conf: 12
            "permissions" : [],
            # node.conf: 13
            "user" : "user1"
        }
    ],
    # reference.conf @ jar:file:/C:/Users/rr13/AppData/Local/capsule/apps/net.corda.node.MainKt/node-0.7.jar!/reference.conf: 6
    "trustStorePassword" : "trustpass",
    # reference.conf @ jar:file:/C:/Users/rr13/AppData/Local/capsule/apps/net.corda.node.MainKt/node-0.7.jar!/reference.conf: 15
    "useHTTPS" : false,
    # reference.conf @ jar:file:/C:/Users/rr13/AppData/Local/capsule/apps/net.corda.node.MainKt/node-0.7.jar!/reference.conf: 17
    "useTestClock" : false,
    # node.conf: 16
    "webAddress" : "localhost:10007"
}

[INFO ] 2017-03-15T04:20:53,874 [main] Main - Main class: /C:/Users/rr13/AppData/Local/capsule/apps/net.corda.node.MainKt/node-0.7.jar
[INFO ] 2017-03-15T04:20:53,874 [main] Main - CommandLine Args: -javaagent:C:\Users\rr13\workspace\corda-kyc-app\build\nodes\HDFC\corda.jar -javaagent:C:\Users\rr13\AppData\Local\capsule\apps\net.corda.node.MainKt\quasar-core-0.7.6-jdk8.jar -Dcapsule.address=0.0.0.0 -Djava.library.path=C:\ProgramData\Oracle\Java\javapath;C:\WINDOWS\Sun\Java\bin;C:\WINDOWS\system32;C:\WINDOWS;C:\ProgramData\Oracle\Java\javapath;C:\WINDOWS\system32;C:\WINDOWS;C:\WINDOWS\System32\Wbem;C:\WINDOWS\System32\WindowsPowerShell\v1.0;C:\Program Files (x86)\QuickTime\QTSystem;C:\Program Files\CapgeminiScripts\Support Tools;C:\Program Files\Java\jdk1.8.0_111\bin;C:\Program Files\Git\cmd;D:\Rakesh\apache-maven-3.3.9\bin;D:\Rakesh\software\gradle-3.1;C:\Users\rr13\AppData\Local\capsule\apps\net.corda.node.MainKt -Dcapsule.log=1 -Dcapsule.app=net.corda.node.MainKt -Dcapsule.port=59669 -Dcapsule.dir=C:\Users\rr13\AppData\Local\capsule\apps\net.corda.node.MainKt -Dcapsule.jar=C:\Users\rr13\workspace\corda-kyc-app\build\nodes\HDFC\corda.jar
[INFO ] 2017-03-15T04:20:53,875 [main] Main - Application Args: 
[INFO ] 2017-03-15T04:20:53,875 [main] Main - bootclasspath: C:\Program Files\Java\jre1.8.0_111\lib\resources.jar;C:\Program Files\Java\jre1.8.0_111\lib\rt.jar;C:\Program Files\Java\jre1.8.0_111\lib\sunrsasign.jar;C:\Program Files\Java\jre1.8.0_111\lib\jsse.jar;C:\Program Files\Java\jre1.8.0_111\lib\jce.jar;C:\Program Files\Java\jre1.8.0_111\lib\charsets.jar;C:\Program Files\Java\jre1.8.0_111\lib\jfr.jar;C:\Program Files\Java\jre1.8.0_111\classes
[INFO ] 2017-03-15T04:20:53,875 [main] Main - classpath: C:\Users\rr13\workspace\corda-kyc-app\build\nodes\HDFC\corda.jar;C:\Users\rr13\AppData\Local\capsule\apps\net.corda.node.MainKt\jolokia-agent-war-2.0.0-M3.war;C:\Users\rr13\AppData\Local\capsule\apps\net.corda.node.MainKt\capsule-0.7.jar;C:\Users\rr13\AppData\Local\capsule\apps\net.corda.node.MainKt\node-0.7.jar;C:\Users\rr13\AppData\Local\capsule\apps\net.corda.node.MainKt\finance-0.7.jar;C:\Users\rr13\AppData\Local\capsule\apps\net.corda.node.MainKt\jsr305-3.0.1.jar;C:\Users\rr13\AppData\Local\capsule\apps\net.corda.node.MainKt\log4j-slf4j-impl-2.7.jar;C:\Users\rr13\AppData\Local\capsule\apps\net.corda.node.MainKt\log4j-core-2.7.jar;C:\Users\rr13\AppData\Local\capsule\apps\net.corda.node.MainKt\log4j-web-2.7.jar;C:\Users\rr13\AppData\Local\capsule\apps\net.corda.node.MainKt\kotlin-stdlib-1.0.5-2.jar;C:\Users\rr13\AppData\Local\capsule\apps\net.corda.node.MainKt\kotlin-reflect-1.0.5-2.jar;C:\Users\rr13\AppData\Local\capsule\apps\net.corda.node.MainKt\kotlin-test-1.0.5-2.jar;C:\Users\rr13\AppData\Local\capsule\apps\net.corda.node.MainKt\guava-19.0.jar;C:\Users\rr13\AppData\Local\capsule\apps\net.corda.node.MainKt\jopt-simple-5.0.2.jar;C:\Users\rr13\AppData\Local\capsule\apps\net.corda.node.MainKt\artemis-server-1.5.1.jar;C:\Users\rr13\AppData\Local\capsule\apps\net.corda.node.MainKt\artemis-core-client-1.5.1.jar;C:\Users\rr13\AppData\Local\capsule\apps\net.corda.node.MainKt\jansi-1.14.jar;C:\Users\rr13\AppData\Local\capsule\apps\net.corda.node.MainKt\forms_rt-7.0.3.jar;C:\Users\rr13\AppData\Local\capsule\apps\net.corda.node.MainKt\commons-logging-1.2.jar;C:\Users\rr13\AppData\Local\capsule\apps\net.corda.node.MainKt\jetty-servlet-9.3.9.v20160517.jar;C:\Users\rr13\AppData\Local\capsule\apps\net.corda.node.MainKt\jetty-webapp-9.3.9.v20160517.jar;C:\Users\rr13\AppData\Local\capsule\apps\net.corda.node.MainKt\javax.servlet-api-3.1.0.jar;C:\Users\rr13\AppData\Local\capsule\apps\net.corda.node.MainKt\commons-fileupload-1.3.2.jar;C:\Users\rr13\AppData\Local\capsule\apps\net.corda.node.MainKt\jersey-server-2.25.jar;C:\Users\rr13\AppData\Local\capsule\apps\net.corda.node.MainKt\jersey-container-servlet-core-2.25.jar;C:\Users\rr13\AppData\Local\capsule\apps\net.corda.node.MainKt\jersey-container-jetty-http-2.25.jar;C:\Users\rr13\AppData\Local\capsule\apps\net.corda.node.MainKt\jersey-media-json-jackson-2.25.jar;C:\Users\rr13\AppData\Local\capsule\apps\net.corda.node.MainKt\jackson-module-kotlin-2.8.5.jar;C:\Users\rr13\AppData\Local\capsule\apps\net.corda.node.MainKt\jackson-annotations-2.8.5.jar;C:\Users\rr13\AppData\Local\capsule\apps\net.corda.node.MainKt\metrics-core-3.1.2.jar;C:\Users\rr13\AppData\Local\capsule\apps\net.corda.node.MainKt\jimfs-1.1.jar;C:\Users\rr13\AppData\Local\capsule\apps\net.corda.node.MainKt\config-1.3.1.jar;C:\Users\rr13\AppData\Local\capsule\apps\net.corda.node.MainKt\h2-1.4.193.jar;C:\Users\rr13\AppData\Local\capsule\apps\net.corda.node.MainKt\exposed-0.5.0.jar;C:\Users\rr13\AppData\Local\capsule\apps\net.corda.node.MainKt\HikariCP-2.5.1.jar;C:\Users\rr13\AppData\Local\capsule\apps\net.corda.node.MainKt\hibernate-core-5.2.6.Final.jar;C:\Users\rr13\AppData\Local\capsule\apps\net.corda.node.MainKt\hibernate-java8-5.2.6.Final.jar;C:\Users\rr13\AppData\Local\capsule\apps\net.corda.node.MainKt\capsule-1.0.3.jar;C:\Users\rr13\AppData\Local\capsule\apps\net.corda.node.MainKt\copycat-client-1.1.4.jar;C:\Users\rr13\AppData\Local\capsule\apps\net.corda.node.MainKt\copycat-server-1.1.4.jar;C:\Users\rr13\AppData\Local\capsule\apps\net.corda.node.MainKt\catalyst-netty-1.1.1.jar;C:\Users\rr13\AppData\Local\capsule\apps\net.corda.node.MainKt\quasar-core-0.7.6-jdk8.jar;C:\Users\rr13\AppData\Local\capsule\apps\net.corda.node.MainKt\artemis-amqp-protocol-1.5.1.jar;C:\Users\rr13\AppData\Local\capsule\apps\net.corda.node.MainKt\core-0.7.jar;C:\Users\rr13\AppData\Local\capsule\apps\net.corda.node.MainKt\slf4j-api-1.7.21.jar;C:\Users\rr13\AppData\Local\capsule\apps\net.corda.node.MainKt\log4j-api-2.7.jar;C:\Users\rr13\AppData\Local\capsule\apps\net.corda.node.MainKt\kotlin-runtime-1.0.5-2.jar;C:\Users\rr13\AppData\Local\capsule\apps\net.corda.node.MainKt\jboss-logging-3.3.0.Final.jar;C:\Users\rr13\AppData\Local\capsule\apps\net.corda.node.MainKt\artemis-commons-1.5.1.jar;C:\Users\rr13\AppData\Local\capsule\apps\net.corda.node.MainKt\artemis-selector-1.5.1.jar;C:\Users\rr13\AppData\Local\capsule\apps\net.corda.node.MainKt\artemis-journal-1.5.1.jar;C:\Users\rr13\AppData\Local\capsule\apps\net.corda.node.MainKt\artemis-jdbc-store-1.5.1.jar;C:\Users\rr13\AppData\Local\capsule\apps\net.corda.node.MainKt\netty-all-4.1.5.Final.jar;C:\Users\rr13\AppData\Local\capsule\apps\net.corda.node.MainKt\jgroups-3.6.9.Final.jar;C:\Users\rr13\AppData\Local\capsule\apps\net.corda.node.MainKt\geronimo-json_1.0_spec-1.0-alpha-1.jar;C:\Users\rr13\AppData\Local\capsule\apps\net.corda.node.MainKt\johnzon-core-0.9.5.jar;C:\Users\rr13\AppData\Local\capsule\apps\net.corda.node.MainKt\forms-1.1-preview.jar;C:\Users\rr13\AppData\Local\capsule\apps\net.corda.node.MainKt\jdom-1.0.jar;C:\Users\rr13\AppData\Local\capsule\apps\net.corda.node.MainKt\jetty-security-9.3.9.v20160517.jar;C:\Users\rr13\AppData\Local\capsule\apps\net.corda.node.MainKt\jetty-xml-9.3.9.v20160517.jar;C:\Users\rr13\AppData\Local\capsule\apps\net.corda.node.MainKt\jolokia-server-core-2.0.0-M3.jar;C:\Users\rr13\AppData\Local\capsule\apps\net.corda.node.MainKt\jolokia-server-detector-2.0.0-M3.jar;C:\Users\rr13\AppData\Local\capsule\apps\net.corda.node.MainKt\jolokia-service-jmx-2.0.0-M3.jar;C:\Users\rr13\AppData\Local\capsule\apps\net.corda.node.MainKt\jolokia-service-serializer-2.0.0-M3.jar;C:\Users\rr13\AppData\Local\capsule\apps\net.corda.node.MainKt\jolokia-service-notif-pull-2.0.0-M3.jar;C:\Users\rr13\AppData\Local\capsule\apps\net.corda.node.MainKt\jolokia-service-notif-sse-2.0.0-M3.jar;C:\Users\rr13\AppData\Local\capsule\apps\net.corda.node.MainKt\jolokia-service-discovery-2.0.0-M3.jar;C:\Users\rr13\AppData\Local\capsule\apps\net.corda.node.MainKt\jolokia-service-history-2.0.0-M3.jar;C:\Users\rr13\AppData\Local\capsule\apps\net.corda.node.MainKt\jolokia-service-jsr160-2.0.0-M3.jar;C:\Users\rr13\AppData\Local\capsule\apps\net.corda.node.MainKt\commons-io-2.2.jar;C:\Users\rr13\AppData\Local\capsule\apps\net.corda.node.MainKt\jersey-common-2.25.jar;C:\Users\rr13\AppData\Local\capsule\apps\net.corda.node.MainKt\jersey-client-2.25.jar;C:\Users\rr13\AppData\Local\capsule\apps\net.corda.node.MainKt\javax.ws.rs-api-2.0.1.jar;C:\Users\rr13\AppData\Local\capsule\apps\net.corda.node.MainKt\jersey-media-jaxb-2.25.jar;C:\Users\rr13\AppData\Local\capsule\apps\net.corda.node.MainKt\javax.annotation-api-1.2.jar;C:\Users\rr13\AppData\Local\capsule\apps\net.corda.node.MainKt\hk2-api-2.5.0-b30.jar;C:\Users\rr13\AppData\Local\capsule\apps\net.corda.node.MainKt\javax.inject-2.5.0-b30.jar;C:\Users\rr13\AppData\Local\capsule\apps\net.corda.node.MainKt\hk2-locator-2.5.0-b30.jar;C:\Users\rr13\AppData\Local\capsule\apps\net.corda.node.MainKt\validation-api-1.1.0.Final.jar;C:\Users\rr13\AppData\Local\capsule\apps\net.corda.node.MainKt\jetty-continuation-9.2.14.v20151106.jar;C:\Users\rr13\AppData\Local\capsule\apps\net.corda.node.MainKt\jersey-entity-filtering-2.25.jar;C:\Users\rr13\AppData\Local\capsule\apps\net.corda.node.MainKt\jackson-jaxrs-base-2.8.4.jar;C:\Users\rr13\AppData\Local\capsule\apps\net.corda.node.MainKt\jackson-jaxrs-json-provider-2.8.4.jar;C:\Users\rr13\AppData\Local\capsule\apps\net.corda.node.MainKt\jackson-databind-2.8.5.jar;C:\Users\rr13\AppData\Local\capsule\apps\net.corda.node.MainKt\joda-time-2.5.jar;C:\Users\rr13\AppData\Local\capsule\apps\net.corda.node.MainKt\hibernate-jpa-2.1-api-1.0.0.Final.jar;C:\Users\rr13\AppData\Local\capsule\apps\net.corda.node.MainKt\javassist-3.20.0-GA.jar;C:\Users\rr13\AppData\Local\capsule\apps\net.corda.node.MainKt\antlr-2.7.7.jar;C:\Users\rr13\AppData\Local\capsule\apps\net.corda.node.MainKt\geronimo-jta_1.1_spec-1.1.1.jar;C:\Users\rr13\AppData\Local\capsule\apps\net.corda.node.MainKt\jandex-2.0.3.Final.jar;C:\Users\rr13\AppData\Local\capsule\apps\net.corda.node.MainKt\classmate-1.3.0.jar;C:\Users\rr13\AppData\Local\capsule\apps\net.corda.node.MainKt\dom4j-1.6.1.jar;C:\Users\rr13\AppData\Local\capsule\apps\net.corda.node.MainKt\hibernate-commons-annotations-5.0.1.Final.jar;C:\Users\rr13\AppData\Local\capsule\apps\net.corda.node.MainKt\cdi-api-1.1.jar;C:\Users\rr13\AppData\Local\capsule\apps\net.corda.node.MainKt\copycat-protocol-1.1.4.jar;C:\Users\rr13\AppData\Local\capsule\apps\net.corda.node.MainKt\catalyst-transport-1.1.1.jar;C:\Users\rr13\AppData\Local\capsule\apps\net.corda.node.MainKt\netty-transport-4.0.33.Final.jar;C:\Users\rr13\AppData\Local\capsule\apps\net.corda.node.MainKt\netty-handler-4.0.33.Final.jar;C:\Users\rr13\AppData\Local\capsule\apps\net.corda.node.MainKt\artemis-jms-client-1.5.1.jar;C:\Users\rr13\AppData\Local\capsule\apps\net.corda.node.MainKt\proton-j-0.15.0.jar;C:\Users\rr13\AppData\Local\capsule\apps\net.corda.node.MainKt\kotlinx-support-jdk8-0.3.jar;C:\Users\rr13\AppData\Local\capsule\apps\net.corda.node.MainKt\junit-quickcheck-core-0.7.jar;C:\Users\rr13\AppData\Local\capsule\apps\net.corda.node.MainKt\junit-quickcheck-generators-0.7.jar;C:\Users\rr13\AppData\Local\capsule\apps\net.corda.node.MainKt\rxjava-1.2.4.jar;C:\Users\rr13\AppData\Local\capsule\apps\net.corda.node.MainKt\kryo-4.0.0.jar;C:\Users\rr13\AppData\Local\capsule\apps\net.corda.node.MainKt\kryo-serializers-0.41.jar;C:\Users\rr13\AppData\Local\capsule\apps\net.corda.node.MainKt\commons-jexl3-3.0.jar;C:\Users\rr13\AppData\Local\capsule\apps\net.corda.node.MainKt\eddsa-0.1.0.jar;C:\Users\rr13\AppData\Local\capsule\apps\net.corda.node.MainKt\bcprov-jdk15on-1.56.jar;C:\Users\rr13\AppData\Local\capsule\apps\net.corda.node.MainKt\bcpkix-jdk15on-1.56.jar;C:\Users\rr13\AppData\Local\capsule\apps\net.corda.node.MainKt\commons-beanutils-1.9.2.jar;C:\Users\rr13\AppData\Local\capsule\apps\net.corda.node.MainKt\artemis-native-1.5.1.jar;C:\Users\rr13\AppData\Local\capsule\apps\net.corda.node.MainKt\json-simple-1.1.1.jar;C:\Users\rr13\AppData\Local\capsule\apps\net.corda.node.MainKt\jersey-guava-2.25.jar;C:\Users\rr13\AppData\Local\capsule\apps\net.corda.node.MainKt\osgi-resource-locator-1.0.1.jar;C:\Users\rr13\AppData\Local\capsule\apps\net.corda.node.MainKt\hk2-utils-2.5.0-b30.jar;C:\Users\rr13\AppData\Local\capsule\apps\net.corda.node.MainKt\aopalliance-repackaged-2.5.0-b30.jar;C:\Users\rr13\AppData\Local\capsule\apps\net.corda.node.MainKt\jackson-module-jaxb-annotations-2.8.4.jar;C:\Users\rr13\AppData\Local\capsule\apps\net.corda.node.MainKt\jackson-core-2.8.5.jar;C:\Users\rr13\AppData\Local\capsule\apps\net.corda.node.MainKt\el-api-2.2.jar;C:\Users\rr13\AppData\Local\capsule\apps\net.corda.node.MainKt\jboss-interceptors-api_1.1_spec-1.0.0.Beta1.jar;C:\Users\rr13\AppData\Local\capsule\apps\net.corda.node.MainKt\jsr250-api-1.0.jar;C:\Users\rr13\AppData\Local\capsule\apps\net.corda.node.MainKt\javax.inject-1.jar;C:\Users\rr13\AppData\Local\capsule\apps\net.corda.node.MainKt\catalyst-concurrent-1.1.1.jar;C:\Users\rr13\AppData\Local\capsule\apps\net.corda.node.MainKt\netty-buffer-4.0.33.Final.jar;C:\Users\rr13\AppData\Local\capsule\apps\net.corda.node.MainKt\netty-codec-4.0.33.Final.jar;C:\Users\rr13\AppData\Local\capsule\apps\net.corda.node.MainKt\geronimo-jms_2.0_spec-1.0-alpha-2.jar;C:\Users\rr13\AppData\Local\capsule\apps\net.corda.node.MainKt\kotlinx-support-jdk7-0.3.jar;C:\Users\rr13\AppData\Local\capsule\apps\net.corda.node.MainKt\junit-4.12.jar;C:\Users\rr13\AppData\Local\capsule\apps\net.corda.node.MainKt\javaruntype-1.2.jar;C:\Users\rr13\AppData\Local\capsule\apps\net.corda.node.MainKt\ognl-3.1.2.jar;C:\Users\rr13\AppData\Local\capsule\apps\net.corda.node.MainKt\generics-resolver-2.0.1.jar;C:\Users\rr13\AppData\Local\capsule\apps\net.corda.node.MainKt\reflectasm-1.11.3.jar;C:\Users\rr13\AppData\Local\capsule\apps\net.corda.node.MainKt\minlog-1.3.0.jar;C:\Users\rr13\AppData\Local\capsule\apps\net.corda.node.MainKt\objenesis-2.2.jar;C:\Users\rr13\AppData\Local\capsule\apps\net.corda.node.MainKt\commons-collections-3.2.1.jar;C:\Users\rr13\AppData\Local\capsule\apps\net.corda.node.MainKt\catalyst-serializer-1.1.1.jar;C:\Users\rr13\AppData\Local\capsule\apps\net.corda.node.MainKt\netty-common-4.0.33.Final.jar;C:\Users\rr13\AppData\Local\capsule\apps\net.corda.node.MainKt\hamcrest-core-1.3.jar;C:\Users\rr13\AppData\Local\capsule\apps\net.corda.node.MainKt\antlr-runtime-3.1.2.jar;C:\Users\rr13\AppData\Local\capsule\apps\net.corda.node.MainKt\javassist-3.11.0.GA.jar;C:\Users\rr13\AppData\Local\capsule\apps\net.corda.node.MainKt\asm-5.0.4.jar;C:\Users\rr13\AppData\Local\capsule\apps\net.corda.node.MainKt\catalyst-buffer-1.1.1.jar;C:\Users\rr13\AppData\Local\capsule\apps\net.corda.node.MainKt\catalyst-common-1.1.1.jar;C:\Users\rr13\AppData\Local\capsule\apps\net.corda.node.MainKt\jetty-server-9.3.9.v20160517.jar;C:\Users\rr13\AppData\Local\capsule\apps\net.corda.node.MainKt\jetty-http-9.3.9.v20160517.jar;C:\Users\rr13\AppData\Local\capsule\apps\net.corda.node.MainKt\jetty-io-9.3.9.v20160517.jar;C:\Users\rr13\AppData\Local\capsule\apps\net.corda.node.MainKt\jetty-util-9.3.9.v20160517.jar;C:\Users\rr13\workspace\corda-kyc-app\build\nodes\HDFC\plugins\corda-kyc-app-0.1.jar;C:\Users\rr13\workspace\corda-kyc-app\build\nodes\HDFC\dependencies\client-0.7.jar;C:\Users\rr13\workspace\corda-kyc-app\build\nodes\HDFC\dependencies\commons-math-2.1.jar;C:\Users\rr13\workspace\corda-kyc-app\build\nodes\HDFC\dependencies\commons-math3-3.4.1.jar;C:\Users\rr13\workspace\corda-kyc-app\build\nodes\HDFC\dependencies\easybind-1.0.3.jar;C:\Users\rr13\workspace\corda-kyc-app\build\nodes\HDFC\dependencies\error_prone_annotations-2.0.2.jar;C:\Users\rr13\workspace\corda-kyc-app\build\nodes\HDFC\dependencies\gs-algo-1.3.jar;C:\Users\rr13\workspace\corda-kyc-app\build\nodes\HDFC\dependencies\gs-core-1.3.jar;C:\Users\rr13\workspace\corda-kyc-app\build\nodes\HDFC\dependencies\gs-ui-1.3.jar;C:\Users\rr13\workspace\corda-kyc-app\build\nodes\HDFC\dependencies\guava-testlib-19.0.jar;C:\Users\rr13\workspace\corda-kyc-app\build\nodes\HDFC\dependencies\HdrHistogram-2.1.9.jar;C:\Users\rr13\workspace\corda-kyc-app\build\nodes\HDFC\dependencies\itext-2.1.5.jar;C:\Users\rr13\workspace\corda-kyc-app\build\nodes\HDFC\dependencies\jcommon-1.0.17.jar;C:\Users\rr13\workspace\corda-kyc-app\build\nodes\HDFC\dependencies\jfreechart-1.0.14.jar;C:\Users\rr13\workspace\corda-kyc-app\build\nodes\HDFC\dependencies\kotlin-runtime-1.0.6.jar;C:\Users\rr13\workspace\corda-kyc-app\build\nodes\HDFC\dependencies\kotlin-stdlib-1.0.6.jar;C:\Users\rr13\workspace\corda-kyc-app\build\nodes\HDFC\dependencies\LatencyUtils-2.0.3.jar;C:\Users\rr13\workspace\corda-kyc-app\build\nodes\HDFC\dependencies\mbox2-1.0.jar;C:\Users\rr13\workspace\corda-kyc-app\build\nodes\HDFC\dependencies\okhttp-3.5.0.jar;C:\Users\rr13\workspace\corda-kyc-app\build\nodes\HDFC\dependencies\okio-1.11.0.jar;C:\Users\rr13\workspace\corda-kyc-app\build\nodes\HDFC\dependencies\pherd-1.0.jar;C:\Users\rr13\workspace\corda-kyc-app\build\nodes\HDFC\dependencies\reactfx-2.0-M5.jar;C:\Users\rr13\workspace\corda-kyc-app\build\nodes\HDFC\dependencies\scala-library-2.10.1.jar;C:\Users\rr13\workspace\corda-kyc-app\build\nodes\HDFC\dependencies\test-utils-0.7.jar;C:\Users\rr13\workspace\corda-kyc-app\build\nodes\HDFC\dependencies\xml-apis-1.3.04.jar;C:\Users\rr13\workspace\corda-kyc-app\build\nodes\HDFC\corda.jar;C:\Users\rr13\AppData\Local\capsule\apps\net.corda.node.MainKt\quasar-core-0.7.6-jdk8.jar
[INFO ] 2017-03-15T04:20:53,877 [main] Main - VM Java HotSpot(TM) 64-Bit Server VM Oracle Corporation 25.111-b14
[INFO ] 2017-03-15T04:20:53,996 [main] Main - Machine: DIN56001491
[INFO ] 2017-03-15T04:20:53,996 [main] Main - Working Directory: C:\Users\rr13\workspace\corda-kyc-app\build\nodes\HDFC
[WARN ] 2017-03-15T04:20:55,182 [main] Node - Corda node is running in dev mode.
[INFO ] 2017-03-15T04:20:59,971 [main] Node - Node starting up ...
[INFO ] 2017-03-15T04:21:00,650 [main] HikariDataSource - HikariPool-1 - Started.
[INFO ] 2017-03-15T04:21:01,970 [main] Node - Connected to h2 database.
[INFO ] 2017-03-15T04:21:03,417 [main] Node - Identity key not found, generating fresh key!
[INFO ] 2017-03-15T04:21:04,899 [main] Node - Registering flow net.corda.flows.NotaryChangeFlow$Instigator
[INFO ] 2017-03-15T04:21:04,904 [main] Node - Registering flow net.corda.flows.FetchTransactionsFlow
[INFO ] 2017-03-15T04:21:05,070 [main] Node - Registering flow net.corda.flows.FetchAttachmentsFlow
[INFO ] 2017-03-15T04:21:05,075 [main] Node - Registering flow net.corda.flows.BroadcastTransactionFlow
[INFO ] 2017-03-15T04:21:05,110 [main] Node - Registering flow com.capgemini.kycapp.flow.KYCFlow$Initiator
[INFO ] 2017-03-15T04:21:07,550 [main] server - AMQ221000: live Message Broker is starting with configuration Broker Configuration (clustered=false,journalDirectory=C:\Users\rr13\workspace\corda-kyc-app\build\nodes\HDFC\artemis\journal,bindingsDirectory=C:\Users\rr13\workspace\corda-kyc-app\build\nodes\HDFC\artemis\bindings,largeMessagesDirectory=C:\Users\rr13\workspace\corda-kyc-app\build\nodes\HDFC\artemis\large-messages,pagingDirectory=data/paging)
[INFO ] 2017-03-15T04:21:08,271 [main] server - AMQ221045: libaio is not available, switching the configuration into NIO
[INFO ] 2017-03-15T04:21:08,321 [main] server - AMQ221013: Using NIO Journal
[INFO ] 2017-03-15T04:21:08,818 [main] server - AMQ221043: Protocol module found: [artemis-server]. Adding protocol support for: CORE
[INFO ] 2017-03-15T04:21:08,821 [main] server - AMQ221043: Protocol module found: [artemis-amqp-protocol]. Adding protocol support for: AMQP
[INFO ] 2017-03-15T04:21:13,595 [main] server - AMQ221003: Deploying queue internal.networkmap
[WARN ] 2017-03-15T04:21:13,971 [main] server - AMQ222165: No Dead Letter Address configured for queue internal.networkmap in AddressSettings
[WARN ] 2017-03-15T04:21:13,972 [main] server - AMQ222166: No Expiry Address configured for queue internal.networkmap in AddressSettings
[INFO ] 2017-03-15T04:21:14,245 [main] server - AMQ221003: Deploying queue p2p.inbound
[WARN ] 2017-03-15T04:21:14,245 [main] server - AMQ222165: No Dead Letter Address configured for queue p2p.inbound in AddressSettings
[WARN ] 2017-03-15T04:21:14,246 [main] server - AMQ222166: No Expiry Address configured for queue p2p.inbound in AddressSettings
[INFO ] 2017-03-15T04:21:14,396 [main] server - AMQ221003: Deploying queue rpc.requests
[WARN ] 2017-03-15T04:21:14,397 [main] server - AMQ222165: No Dead Letter Address configured for queue rpc.requests in AddressSettings
[WARN ] 2017-03-15T04:21:14,397 [main] server - AMQ222166: No Expiry Address configured for queue rpc.requests in AddressSettings
[INFO ] 2017-03-15T04:21:14,400 [main] server - AMQ221003: Deploying queue rpc.qremovals
[WARN ] 2017-03-15T04:21:14,432 [main] server - AMQ222165: No Dead Letter Address configured for queue rpc.qremovals in AddressSettings
[WARN ] 2017-03-15T04:21:14,432 [main] server - AMQ222166: No Expiry Address configured for queue rpc.qremovals in AddressSettings
[INFO ] 2017-03-15T04:21:15,316 [main] server - AMQ221020: Started Acceptor at 0.0.0.0:10006 for protocols [CORE,AMQP]
[INFO ] 2017-03-15T04:21:15,316 [main] server - AMQ221007: Server is now live
[INFO ] 2017-03-15T04:21:15,317 [main] server - AMQ221001: Apache ActiveMQ Artemis Message Broker version 1.5.1 [localhost, nodeID=cf3b6731-0936-11e7-9fd4-00232474426c] 
[INFO ] 2017-03-15T04:21:15,388 [main] NodeMessagingClient - Connecting to server: localhost:10006
[INFO ] 2017-03-15T04:21:17,537 [Thread-1 (activemq-netty-threads-133775180)] NodeLoginModule - Processing login for SystemUsers/Node
[INFO ] 2017-03-15T04:21:17,564 [Thread-0 (ActiveMQ-server-org.apache.activemq.artemis.core.server.impl.ActiveMQServerImpl$3@437c4b25-1592618491)] server - AMQ221027: Bridge BridgeImpl@2fdb73cd [name=internal.networkmap -> localhost:10002, queue=QueueImpl[name=internal.networkmap, postOffice=PostOfficeImpl [server=ActiveMQServerImpl::serverUUID=cf3b6731-0936-11e7-9fd4-00232474426c]]@211c9846 targetConnector=ServerLocatorImpl (identity=Bridge internal.networkmap -> localhost:10002) [initialConnectors=[TransportConfiguration(name=d4536b56-0936-11e7-9fd4-00232474426c, factory=net-corda-node-services-messaging-VerifyingNettyConnectorFactory) ?host=localhost&port=10002&protocols=CORE,AMQP&sslEnabled=true&keyStoreProvider=JKS&keyStorePath=C:\Users\rr13\workspace\corda-kyc-app\build\nodes\HDFC\certificates\sslkeystore-jks&keyStorePassword=****&trustStoreProvider=JKS&trustStorePath=C:\Users\rr13\workspace\corda-kyc-app\build\nodes\HDFC\certificates\truststore-jks&trustStorePassword=****&enabledCipherSuites=TLS_ECDHE_ECDSA_WITH_AES_128_GCM_SHA256,TLS_ECDHE_RSA_WITH_AES_128_GCM_SHA256,TLS_RSA_WITH_AES_128_GCM_SHA256,TLS_ECDH_ECDSA_WITH_AES_128_GCM_SHA256,TLS_ECDH_RSA_WITH_AES_128_GCM_SHA256,TLS_DHE_RSA_WITH_AES_128_GCM_SHA256,TLS_DHE_DSS_WITH_AES_128_GCM_SHA256&enabledProtocols=TLSv1-2&needClientAuth=true&corda-verifyPeerCommonName=Controller&net-corda-node-services-messaging-ArtemisMessagingServer=net-corda-node-services-messaging-ArtemisMessagingServer@252318bd], discoveryGroupConfiguration=null]] is connected
[INFO ] 2017-03-15T04:21:17,588 [Thread-1 (activemq-netty-threads-133775180)] NodeLoginModule - Processing login for SystemUsers/Node
[INFO ] 2017-03-15T04:21:17,663 [Thread-1 (activemq-netty-threads-133775180)] NodeLoginModule - Processing login for SystemUsers/Node
[INFO ] 2017-03-15T04:21:17,678 [Thread-1 (activemq-netty-threads-133775180)] NodeLoginModule - Processing login for SystemUsers/Node
[INFO ] 2017-03-15T04:21:17,789 [main] NodeMessagingClient - Send to: internal.networkmap topic: platform.network_map.register sessionID: 0 uuid: 2571e3f2-1b58-413c-8a3b-23ecf560b60f
[INFO ] 2017-03-15T04:21:17,801 [Thread-1 (activemq-netty-threads-133775180)] NodeLoginModule - Processing login for SystemUsers/Node
[INFO ] 2017-03-15T04:21:18,773 [Thread-2 (activemq-netty-threads-133775180)] NodeLoginModule - Processing login for SystemUsers/Peer
[INFO ] 2017-03-15T04:21:18,777 [Thread-2 (activemq-netty-threads-133775180)] NodeLoginModule - Processing login for SystemUsers/Peer
[INFO ] 2017-03-15T04:21:18,789 [Thread-2 (activemq-netty-threads-133775180)] NodeLoginModule - Processing login for SystemUsers/Peer
[INFO ] 2017-03-15T04:21:18,846 [main] NodeMessagingClient - Received message from: p2p.inbound user: C=UK, L=London, OU=corda, O=R3, CN=Controller topic: platform.network_map.register sessionID: 3223003437272792225 uuid: 26bf15c1-bad8-4a03-b2c3-2fa256f5e05b
[INFO ] 2017-03-15T04:21:18,882 [Node thread] NodeMessagingClient - Send to: internal.networkmap topic: platform.network_map.fetch sessionID: 0 uuid: 4437da41-b91e-4f64-a5ee-a83b18518f78
[INFO ] 2017-03-15T04:21:19,631 [main] NodeMessagingClient - Received message from: p2p.inbound user: C=UK, L=London, OU=corda, O=R3, CN=Controller topic: platform.network_map.fetch sessionID: 6919515387205166179 uuid: 2e41e473-fd57-4654-9b6a-b19cf6a63e90
[INFO ] 2017-03-15T04:21:19,660 [Node thread] NodeMessagingClient - Network map is complete, so removing filter from P2P consumer.
[INFO ] 2017-03-15T04:21:19,783 [main] NodeMessagingClient - Received message from: p2p.inbound user: C=UK, L=London, OU=corda, O=R3, CN=Controller topic: platform.network_map.fetch sessionID: 6919515387205166179 uuid: 2e41e473-fd57-4654-9b6a-b19cf6a63e90
[INFO ] 2017-03-15T04:21:19,834 [Thread-3 (activemq-netty-threads-133775180)] NodeLoginModule - Processing login for SystemUsers/Node
[INFO ] 2017-03-15T04:21:20,034 [WebServer] CordaRPCClient - Startup took 273 msec
[INFO ] 2017-03-15T04:21:20,044 [Thread-3 (activemq-netty-threads-133775180)] NodeLoginModule - Processing login for SystemUsers/Node
[WARN ] 2017-03-15T04:21:20,046 [Thread-3 (activemq-netty-threads-133775180)] server - AMQ222165: No Dead Letter Address configured for queue clients.SystemUsers/Node.rpc.242222177284530715 in AddressSettings
[WARN ] 2017-03-15T04:21:20,046 [Thread-3 (activemq-netty-threads-133775180)] server - AMQ222166: No Expiry Address configured for queue clients.SystemUsers/Node.rpc.242222177284530715 in AddressSettings
[INFO ] 2017-03-15T04:21:20,061 [Thread-3 (activemq-netty-threads-133775180)] NodeLoginModule - Processing login for SystemUsers/Node
[INFO ] 2017-03-15T04:21:20,151 [Thread-3 (activemq-netty-threads-133775180)] NodeLoginModule - Processing login for SystemUsers/Node
[INFO ] 2017-03-15T04:21:20,319 [Thread-1 (activemq-netty-threads-133775180)] NodeLoginModule - Processing login for SystemUsers/Node
[INFO ] 2017-03-15T04:21:20,738 [WebServer] CordaRPCClient - Proxy build took 702 msec
[INFO ] 2017-03-15T04:21:20,761 [WebServer] log - Logging initialized @41457ms
[INFO ] 2017-03-15T04:21:22,094 [WebServer] Node - Add plugin web API from attachment com.capgemini.kycapp.plugin.KYCPlugin$$Lambda$21/1689718593@257ff9a
[INFO ] 2017-03-15T04:21:22,514 [WebServer] Server - jetty-9.3.9.v20160517
[INFO ] 2017-03-15T04:21:23,179 [WebServer] StandardDescriptorProcessor - NO JSP Support for /monitoring/json, did not find org.eclipse.jetty.jsp.JettyJspServlet
[INFO ] 2017-03-15T04:21:23,330 [WebServer] /monitoring/json - jolokia-agent: Using policy access restrictor classpath:/jolokia-access.xml
[INFO ] 2017-03-15T04:21:23,642 [WebServer] ContextHandler - Started o.e.j.w.WebAppContext@227de0df{/monitoring/json,file:///C:/Users/rr13/AppData/Local/Temp/jetty-0.0.0.0-10007-jolokia-agent-war-2.0.0-M3.war-_monitoring_json-any-914101949278052813.dir/webapp/,AVAILABLE}{C:\Users\rr13\AppData\Local\capsule\apps\net.corda.node.MainKt\jolokia-agent-war-2.0.0-M3.war}
[INFO ] 2017-03-15T04:21:25,955 [WebServer] ContextHandler - Started o.e.j.s.ServletContextHandler@310c839{/,null,AVAILABLE}
[INFO ] 2017-03-15T04:21:26,070 [WebServer] AbstractConnector - Started ServerConnector@4916e648{HTTP/1.1,[http/1.1]}{0.0.0.0:10007}
[INFO ] 2017-03-15T04:21:26,071 [WebServer] Server - Started @46769ms
[INFO ] 2017-03-15T04:21:27,501 [main] NodeMessagingClient - Received message from: p2p.inbound user: C=UK, L=London, OU=corda, O=R3, CN=Controller topic: platform.network_map.push sessionID: 0 uuid: 54757ed6-b874-48e4-9a58-f74086d2ab11
[INFO ] 2017-03-15T04:21:27,511 [Node thread] NodeMessagingClient - Send to: internal.networkmap topic: platform.network_map.push_ack sessionID: 0 uuid: 8ac633bb-e429-414f-9c3f-0a2d37a3d72b
[WARN ] 2017-03-15T04:30:46,921 [Thread-1 (ActiveMQ-client-global-threads-324946354)] client - AMQ212037: Connection failure has been detected: AMQ119015: The connection was disconnected because of server shutdown [code=DISCONNECTED]
[WARN ] 2017-03-15T04:30:46,921 [Thread-1 (ActiveMQ-client-global-threads-324946354)] server - AMQ222095: Connection failed with failedOver=false
[INFO ] 2017-03-15T04:30:52,993 [Thread-2] AbstractConnector - Stopped ServerConnector@4916e648{HTTP/1.1,[http/1.1]}{0.0.0.0:10007}
[INFO ] 2017-03-15T04:30:52,993 [Thread-2] ContextHandler - Stopped o.e.j.s.ServletContextHandler@310c839{/,null,UNAVAILABLE}
[INFO ] 2017-03-15T04:30:53,009 [Thread-2] ContextHandler - Stopped o.e.j.w.WebAppContext@227de0df{/monitoring/json,null,UNAVAILABLE}{C:\Users\rr13\AppData\Local\capsule\apps\net.corda.node.MainKt\jolokia-agent-war-2.0.0-M3.war}
[INFO ] 2017-03-15T04:30:53,104 [Thread-4 (ActiveMQ-server-org.apache.activemq.artemis.core.server.impl.ActiveMQServerImpl$3@437c4b25-1592618491)] server - AMQ221029: stopped bridge internal.networkmap -> localhost:10002
[INFO ] 2017-03-15T04:30:53,213 [Thread-2] server - AMQ221002: Apache ActiveMQ Artemis Message Broker version 1.5.1 [cf3b6731-0936-11e7-9fd4-00232474426c] stopped, uptime 9 minutes
[INFO ] 2017-03-15T04:30:53,213 [Thread-2] HikariPool - HikariPool-1 - Close initiated...
[INFO ] 2017-03-15T04:30:53,213 [Thread-2] HikariPool - HikariPool-1 - Closed.
[INFO ] 2017-03-15T04:30:53,213 [Thread-2] Node - Shutdown complete
